{"C:\\Users\\ayush\\projects\\ecotrace-india\\src\\utils\\auth.js": {"path":"C:\\Users\\ayush\\projects\\ecotrace-india\\src\\utils\\auth.js","all":false,"statementMap":{"0":{"start":{"line":1,"column":0},"end":{"line":1,"column":143}},"2":{"start":{"line":3,"column":0},"end":{"line":3,"column":46}},"3":{"start":{"line":4,"column":0},"end":{"line":4,"column":36}},"4":{"start":{"line":5,"column":0},"end":{"line":5,"column":40}},"5":{"start":{"line":6,"column":0},"end":{"line":6,"column":65}},"6":{"start":{"line":7,"column":0},"end":{"line":7,"column":59}},"7":{"start":{"line":8,"column":0},"end":{"line":8,"column":72}},"8":{"start":{"line":9,"column":0},"end":{"line":9,"column":1}},"10":{"start":{"line":11,"column":0},"end":{"line":11,"column":69}},"11":{"start":{"line":12,"column":0},"end":{"line":12,"column":7}},"12":{"start":{"line":13,"column":0},"end":{"line":13,"column":44}},"13":{"start":{"line":14,"column":0},"end":{"line":14,"column":61}},"15":{"start":{"line":16,"column":0},"end":{"line":16,"column":30}},"16":{"start":{"line":17,"column":0},"end":{"line":17,"column":78}},"17":{"start":{"line":18,"column":0},"end":{"line":18,"column":5}},"18":{"start":{"line":19,"column":0},"end":{"line":19,"column":35}},"19":{"start":{"line":20,"column":0},"end":{"line":20,"column":64}},"20":{"start":{"line":21,"column":0},"end":{"line":21,"column":5}},"21":{"start":{"line":22,"column":0},"end":{"line":22,"column":37}},"22":{"start":{"line":23,"column":0},"end":{"line":23,"column":77}},"23":{"start":{"line":24,"column":0},"end":{"line":24,"column":5}},"25":{"start":{"line":26,"column":0},"end":{"line":26,"column":51}},"26":{"start":{"line":27,"column":0},"end":{"line":27,"column":29}},"27":{"start":{"line":28,"column":0},"end":{"line":28,"column":88}},"28":{"start":{"line":29,"column":0},"end":{"line":29,"column":5}},"29":{"start":{"line":30,"column":0},"end":{"line":30,"column":32}},"31":{"start":{"line":32,"column":0},"end":{"line":32,"column":81}},"33":{"start":{"line":34,"column":0},"end":{"line":34,"column":54}},"34":{"start":{"line":35,"column":0},"end":{"line":35,"column":109}},"35":{"start":{"line":36,"column":0},"end":{"line":36,"column":5}},"37":{"start":{"line":38,"column":0},"end":{"line":38,"column":54}},"39":{"start":{"line":40,"column":0},"end":{"line":40,"column":24}},"40":{"start":{"line":41,"column":0},"end":{"line":41,"column":30}},"41":{"start":{"line":42,"column":0},"end":{"line":42,"column":21}},"42":{"start":{"line":43,"column":0},"end":{"line":43,"column":23}},"43":{"start":{"line":44,"column":0},"end":{"line":44,"column":19}},"44":{"start":{"line":45,"column":0},"end":{"line":45,"column":6}},"46":{"start":{"line":47,"column":0},"end":{"line":47,"column":30}},"47":{"start":{"line":48,"column":0},"end":{"line":48,"column":72}},"49":{"start":{"line":50,"column":0},"end":{"line":50,"column":18}},"50":{"start":{"line":51,"column":0},"end":{"line":51,"column":30}},"51":{"start":{"line":52,"column":0},"end":{"line":52,"column":53}},"52":{"start":{"line":53,"column":0},"end":{"line":53,"column":40}},"53":{"start":{"line":54,"column":0},"end":{"line":54,"column":49}},"54":{"start":{"line":55,"column":0},"end":{"line":55,"column":33}},"55":{"start":{"line":56,"column":0},"end":{"line":56,"column":9}},"56":{"start":{"line":57,"column":0},"end":{"line":57,"column":7}},"57":{"start":{"line":58,"column":0},"end":{"line":58,"column":37}},"58":{"start":{"line":59,"column":0},"end":{"line":59,"column":71}},"59":{"start":{"line":60,"column":0},"end":{"line":60,"column":64}},"60":{"start":{"line":61,"column":0},"end":{"line":61,"column":37}},"61":{"start":{"line":62,"column":0},"end":{"line":62,"column":9}},"62":{"start":{"line":63,"column":0},"end":{"line":63,"column":5}},"64":{"start":{"line":65,"column":0},"end":{"line":65,"column":94}},"65":{"start":{"line":66,"column":0},"end":{"line":66,"column":79}},"66":{"start":{"line":67,"column":0},"end":{"line":67,"column":32}},"68":{"start":{"line":69,"column":0},"end":{"line":69,"column":48}},"69":{"start":{"line":70,"column":0},"end":{"line":70,"column":11}},"70":{"start":{"line":71,"column":0},"end":{"line":71,"column":84}},"71":{"start":{"line":72,"column":0},"end":{"line":72,"column":3}},"72":{"start":{"line":73,"column":0},"end":{"line":73,"column":1}},"74":{"start":{"line":75,"column":0},"end":{"line":75,"column":44}},"75":{"start":{"line":76,"column":0},"end":{"line":76,"column":80}},"76":{"start":{"line":77,"column":0},"end":{"line":77,"column":20}},"77":{"start":{"line":78,"column":0},"end":{"line":78,"column":49}},"78":{"start":{"line":79,"column":0},"end":{"line":79,"column":79}},"80":{"start":{"line":81,"column":0},"end":{"line":81,"column":31}},"81":{"start":{"line":82,"column":0},"end":{"line":82,"column":83}},"82":{"start":{"line":83,"column":0},"end":{"line":83,"column":78}},"83":{"start":{"line":84,"column":0},"end":{"line":84,"column":32}},"84":{"start":{"line":85,"column":0},"end":{"line":85,"column":55}},"85":{"start":{"line":86,"column":0},"end":{"line":86,"column":76}},"86":{"start":{"line":87,"column":0},"end":{"line":87,"column":7}},"87":{"start":{"line":88,"column":0},"end":{"line":88,"column":5}},"88":{"start":{"line":89,"column":0},"end":{"line":89,"column":23}},"89":{"start":{"line":90,"column":0},"end":{"line":90,"column":3}},"90":{"start":{"line":91,"column":0},"end":{"line":91,"column":14}},"91":{"start":{"line":92,"column":0},"end":{"line":92,"column":1}},"93":{"start":{"line":94,"column":0},"end":{"line":94,"column":46}},"94":{"start":{"line":95,"column":0},"end":{"line":95,"column":7}},"95":{"start":{"line":96,"column":0},"end":{"line":96,"column":61}},"97":{"start":{"line":98,"column":0},"end":{"line":98,"column":48}},"98":{"start":{"line":99,"column":0},"end":{"line":99,"column":70}},"99":{"start":{"line":100,"column":0},"end":{"line":100,"column":5}},"101":{"start":{"line":102,"column":0},"end":{"line":102,"column":50}},"102":{"start":{"line":103,"column":0},"end":{"line":103,"column":29}},"103":{"start":{"line":104,"column":0},"end":{"line":104,"column":94}},"104":{"start":{"line":105,"column":0},"end":{"line":105,"column":5}},"105":{"start":{"line":106,"column":0},"end":{"line":106,"column":31}},"107":{"start":{"line":108,"column":0},"end":{"line":108,"column":81}},"108":{"start":{"line":109,"column":0},"end":{"line":109,"column":64}},"110":{"start":{"line":111,"column":0},"end":{"line":111,"column":19}},"111":{"start":{"line":112,"column":0},"end":{"line":112,"column":70}},"112":{"start":{"line":113,"column":0},"end":{"line":113,"column":5}},"114":{"start":{"line":115,"column":0},"end":{"line":115,"column":54}},"115":{"start":{"line":116,"column":0},"end":{"line":116,"column":48}},"116":{"start":{"line":117,"column":0},"end":{"line":117,"column":70}},"117":{"start":{"line":118,"column":0},"end":{"line":118,"column":5}},"119":{"start":{"line":120,"column":0},"end":{"line":120,"column":85}},"120":{"start":{"line":121,"column":0},"end":{"line":121,"column":79}},"121":{"start":{"line":122,"column":0},"end":{"line":122,"column":31}},"123":{"start":{"line":124,"column":0},"end":{"line":124,"column":48}},"124":{"start":{"line":125,"column":0},"end":{"line":125,"column":11}},"125":{"start":{"line":126,"column":0},"end":{"line":126,"column":76}},"126":{"start":{"line":127,"column":0},"end":{"line":127,"column":3}},"127":{"start":{"line":128,"column":0},"end":{"line":128,"column":1}},"129":{"start":{"line":130,"column":0},"end":{"line":130,"column":35}},"130":{"start":{"line":131,"column":0},"end":{"line":131,"column":21}},"131":{"start":{"line":132,"column":0},"end":{"line":132,"column":39}},"132":{"start":{"line":133,"column":0},"end":{"line":133,"column":18}},"133":{"start":{"line":134,"column":0},"end":{"line":134,"column":16}},"134":{"start":{"line":135,"column":0},"end":{"line":135,"column":18}},"135":{"start":{"line":136,"column":0},"end":{"line":136,"column":4}},"136":{"start":{"line":137,"column":0},"end":{"line":137,"column":75}},"137":{"start":{"line":138,"column":0},"end":{"line":138,"column":44}},"138":{"start":{"line":139,"column":0},"end":{"line":139,"column":1}},"140":{"start":{"line":141,"column":0},"end":{"line":141,"column":26}},"141":{"start":{"line":142,"column":0},"end":{"line":142,"column":51}},"142":{"start":{"line":143,"column":0},"end":{"line":143,"column":53}},"143":{"start":{"line":144,"column":0},"end":{"line":144,"column":1}},"145":{"start":{"line":146,"column":0},"end":{"line":146,"column":34}},"146":{"start":{"line":147,"column":0},"end":{"line":147,"column":7}},"147":{"start":{"line":148,"column":0},"end":{"line":148,"column":75}},"148":{"start":{"line":149,"column":0},"end":{"line":149,"column":24}},"149":{"start":{"line":150,"column":0},"end":{"line":150,"column":11}},"150":{"start":{"line":151,"column":0},"end":{"line":151,"column":16}},"151":{"start":{"line":152,"column":0},"end":{"line":152,"column":3}},"152":{"start":{"line":153,"column":0},"end":{"line":153,"column":1}}},"s":{"0":1,"2":1,"3":6,"4":6,"5":6,"6":6,"7":6,"8":6,"10":1,"11":5,"12":5,"13":5,"15":5,"16":1,"17":1,"18":5,"19":0,"20":0,"21":5,"22":0,"23":0,"25":4,"26":5,"27":0,"28":0,"29":4,"31":5,"33":5,"34":1,"35":1,"37":3,"39":3,"40":3,"41":3,"42":3,"43":3,"44":3,"46":3,"47":3,"49":5,"50":0,"51":0,"52":0,"53":0,"54":0,"55":0,"56":0,"57":0,"58":0,"59":0,"60":0,"61":0,"62":0,"64":3,"65":3,"66":3,"68":3,"69":5,"70":0,"71":0,"72":5,"74":1,"75":0,"76":0,"77":0,"78":0,"80":0,"81":0,"82":0,"83":0,"84":0,"85":0,"86":0,"87":0,"88":0,"89":0,"90":0,"91":0,"93":1,"94":2,"95":2,"97":2,"98":0,"99":0,"101":2,"102":2,"103":0,"104":0,"105":2,"107":2,"108":2,"110":2,"111":1,"112":1,"114":1,"115":2,"116":0,"117":0,"119":1,"120":1,"121":1,"123":1,"124":2,"125":0,"126":0,"127":2,"129":1,"130":0,"131":0,"132":0,"133":0,"134":0,"135":0,"136":0,"137":0,"138":0,"140":1,"141":0,"142":0,"143":0,"145":1,"146":10,"147":10,"148":10,"149":10,"150":0,"151":0,"152":10},"branchMap":{"0":{"type":"branch","line":3,"loc":{"start":{"line":3,"column":7},"end":{"line":9,"column":1}},"locations":[{"start":{"line":3,"column":7},"end":{"line":9,"column":1}}]},"1":{"type":"branch","line":8,"loc":{"start":{"line":8,"column":23},"end":{"line":8,"column":61}},"locations":[{"start":{"line":8,"column":23},"end":{"line":8,"column":61}}]},"2":{"type":"branch","line":11,"loc":{"start":{"line":11,"column":7},"end":{"line":73,"column":1}},"locations":[{"start":{"line":11,"column":7},"end":{"line":73,"column":1}}]},"3":{"type":"branch","line":16,"loc":{"start":{"line":16,"column":29},"end":{"line":18,"column":5}},"locations":[{"start":{"line":16,"column":29},"end":{"line":18,"column":5}}]},"4":{"type":"branch","line":18,"loc":{"start":{"line":18,"column":4},"end":{"line":19,"column":34}},"locations":[{"start":{"line":18,"column":4},"end":{"line":19,"column":34}}]},"5":{"type":"branch","line":19,"loc":{"start":{"line":19,"column":34},"end":{"line":21,"column":5}},"locations":[{"start":{"line":19,"column":34},"end":{"line":21,"column":5}}]},"6":{"type":"branch","line":21,"loc":{"start":{"line":21,"column":4},"end":{"line":22,"column":36}},"locations":[{"start":{"line":21,"column":4},"end":{"line":22,"column":36}}]},"7":{"type":"branch","line":22,"loc":{"start":{"line":22,"column":36},"end":{"line":24,"column":5}},"locations":[{"start":{"line":22,"column":36},"end":{"line":24,"column":5}}]},"8":{"type":"branch","line":24,"loc":{"start":{"line":24,"column":4},"end":{"line":27,"column":28}},"locations":[{"start":{"line":24,"column":4},"end":{"line":27,"column":28}}]},"9":{"type":"branch","line":27,"loc":{"start":{"line":27,"column":28},"end":{"line":29,"column":5}},"locations":[{"start":{"line":27,"column":28},"end":{"line":29,"column":5}}]},"10":{"type":"branch","line":29,"loc":{"start":{"line":29,"column":4},"end":{"line":32,"column":75}},"locations":[{"start":{"line":29,"column":4},"end":{"line":32,"column":75}}]},"11":{"type":"branch","line":32,"loc":{"start":{"line":32,"column":75},"end":{"line":32,"column":80}},"locations":[{"start":{"line":32,"column":75},"end":{"line":32,"column":80}}]},"12":{"type":"branch","line":34,"loc":{"start":{"line":34,"column":53},"end":{"line":36,"column":5}},"locations":[{"start":{"line":34,"column":53},"end":{"line":36,"column":5}}]},"13":{"type":"branch","line":36,"loc":{"start":{"line":36,"column":4},"end":{"line":50,"column":17}},"locations":[{"start":{"line":36,"column":4},"end":{"line":50,"column":17}}]},"14":{"type":"branch","line":50,"loc":{"start":{"line":50,"column":17},"end":{"line":63,"column":5}},"locations":[{"start":{"line":50,"column":17},"end":{"line":63,"column":5}}]},"15":{"type":"branch","line":63,"loc":{"start":{"line":63,"column":4},"end":{"line":70,"column":4}},"locations":[{"start":{"line":63,"column":4},"end":{"line":70,"column":4}}]},"16":{"type":"branch","line":70,"loc":{"start":{"line":70,"column":4},"end":{"line":72,"column":3}},"locations":[{"start":{"line":70,"column":4},"end":{"line":72,"column":3}}]},"17":{"type":"branch","line":34,"loc":{"start":{"line":34,"column":22},"end":{"line":34,"column":50}},"locations":[{"start":{"line":34,"column":22},"end":{"line":34,"column":50}}]},"18":{"type":"branch","line":94,"loc":{"start":{"line":94,"column":7},"end":{"line":128,"column":1}},"locations":[{"start":{"line":94,"column":7},"end":{"line":128,"column":1}}]},"19":{"type":"branch","line":98,"loc":{"start":{"line":98,"column":47},"end":{"line":100,"column":5}},"locations":[{"start":{"line":98,"column":47},"end":{"line":100,"column":5}}]},"20":{"type":"branch","line":103,"loc":{"start":{"line":103,"column":28},"end":{"line":105,"column":5}},"locations":[{"start":{"line":103,"column":28},"end":{"line":105,"column":5}}]},"21":{"type":"branch","line":108,"loc":{"start":{"line":108,"column":75},"end":{"line":108,"column":80}},"locations":[{"start":{"line":108,"column":75},"end":{"line":108,"column":80}}]},"22":{"type":"branch","line":111,"loc":{"start":{"line":111,"column":18},"end":{"line":116,"column":47}},"locations":[{"start":{"line":111,"column":18},"end":{"line":116,"column":47}}]},"23":{"type":"branch","line":116,"loc":{"start":{"line":116,"column":47},"end":{"line":118,"column":5}},"locations":[{"start":{"line":116,"column":47},"end":{"line":118,"column":5}}]},"24":{"type":"branch","line":118,"loc":{"start":{"line":118,"column":4},"end":{"line":125,"column":4}},"locations":[{"start":{"line":118,"column":4},"end":{"line":125,"column":4}}]},"25":{"type":"branch","line":125,"loc":{"start":{"line":125,"column":4},"end":{"line":127,"column":3}},"locations":[{"start":{"line":125,"column":4},"end":{"line":127,"column":3}}]},"26":{"type":"branch","line":109,"loc":{"start":{"line":109,"column":34},"end":{"line":109,"column":62}},"locations":[{"start":{"line":109,"column":34},"end":{"line":109,"column":62}}]},"27":{"type":"branch","line":146,"loc":{"start":{"line":146,"column":7},"end":{"line":153,"column":1}},"locations":[{"start":{"line":146,"column":7},"end":{"line":153,"column":1}}]},"28":{"type":"branch","line":149,"loc":{"start":{"line":149,"column":16},"end":{"line":149,"column":23}},"locations":[{"start":{"line":149,"column":16},"end":{"line":149,"column":23}}]},"29":{"type":"branch","line":150,"loc":{"start":{"line":150,"column":4},"end":{"line":152,"column":3}},"locations":[{"start":{"line":150,"column":4},"end":{"line":152,"column":3}}]}},"b":{"0":[6],"1":[192],"2":[5],"3":[1],"4":[4],"5":[0],"6":[4],"7":[0],"8":[4],"9":[0],"10":[4],"11":[3],"12":[1],"13":[3],"14":[0],"15":[3],"16":[0],"17":[1],"18":[2],"19":[0],"20":[0],"21":[1],"22":[1],"23":[0],"24":[1],"25":[0],"26":[1],"27":[10],"28":[6],"29":[0]},"fnMap":{"0":{"name":"hashPassword","decl":{"start":{"line":3,"column":7},"end":{"line":9,"column":1}},"loc":{"start":{"line":3,"column":7},"end":{"line":9,"column":1}},"line":3},"1":{"name":"signUp","decl":{"start":{"line":11,"column":7},"end":{"line":73,"column":1}},"loc":{"start":{"line":11,"column":7},"end":{"line":73,"column":1}},"line":11},"2":{"name":"updateAccountName","decl":{"start":{"line":75,"column":7},"end":{"line":92,"column":1}},"loc":{"start":{"line":75,"column":7},"end":{"line":92,"column":1}},"line":75},"3":{"name":"logIn","decl":{"start":{"line":94,"column":7},"end":{"line":128,"column":1}},"loc":{"start":{"line":94,"column":7},"end":{"line":128,"column":1}},"line":94},"4":{"name":"continueAsGuest","decl":{"start":{"line":130,"column":7},"end":{"line":139,"column":1}},"loc":{"start":{"line":130,"column":7},"end":{"line":139,"column":1}},"line":130},"5":{"name":"logOut","decl":{"start":{"line":141,"column":7},"end":{"line":144,"column":1}},"loc":{"start":{"line":141,"column":7},"end":{"line":144,"column":1}},"line":141},"6":{"name":"getCurrentUser","decl":{"start":{"line":146,"column":7},"end":{"line":153,"column":1}},"loc":{"start":{"line":146,"column":7},"end":{"line":153,"column":1}},"line":146}},"f":{"0":6,"1":5,"2":0,"3":2,"4":0,"5":0,"6":10}}
,"C:\\Users\\ayush\\projects\\ecotrace-india\\src\\utils\\calculateEcoScore.js": {"path":"C:\\Users\\ayush\\projects\\ecotrace-india\\src\\utils\\calculateEcoScore.js","all":false,"statementMap":{"0":{"start":{"line":1,"column":0},"end":{"line":1,"column":65}},"2":{"start":{"line":3,"column":0},"end":{"line":3,"column":3}},"3":{"start":{"line":4,"column":0},"end":{"line":4,"column":79}},"4":{"start":{"line":5,"column":0},"end":{"line":5,"column":126}},"5":{"start":{"line":6,"column":0},"end":{"line":6,"column":3}},"6":{"start":{"line":7,"column":0},"end":{"line":7,"column":46}},"7":{"start":{"line":8,"column":0},"end":{"line":8,"column":63}},"9":{"start":{"line":10,"column":0},"end":{"line":10,"column":18}},"10":{"start":{"line":11,"column":0},"end":{"line":11,"column":72}},"11":{"start":{"line":12,"column":0},"end":{"line":12,"column":23}},"13":{"start":{"line":14,"column":0},"end":{"line":14,"column":59}},"14":{"start":{"line":15,"column":0},"end":{"line":15,"column":73}},"15":{"start":{"line":16,"column":0},"end":{"line":16,"column":45}},"16":{"start":{"line":17,"column":0},"end":{"line":17,"column":5}},"18":{"start":{"line":19,"column":0},"end":{"line":19,"column":14}},"19":{"start":{"line":20,"column":0},"end":{"line":20,"column":59}},"21":{"start":{"line":22,"column":0},"end":{"line":22,"column":18}},"22":{"start":{"line":23,"column":0},"end":{"line":23,"column":29}},"23":{"start":{"line":24,"column":0},"end":{"line":24,"column":32}},"25":{"start":{"line":26,"column":0},"end":{"line":26,"column":21}},"26":{"start":{"line":27,"column":0},"end":{"line":27,"column":69}},"27":{"start":{"line":28,"column":0},"end":{"line":28,"column":28}},"28":{"start":{"line":29,"column":0},"end":{"line":29,"column":66}},"29":{"start":{"line":30,"column":0},"end":{"line":30,"column":28}},"30":{"start":{"line":31,"column":0},"end":{"line":31,"column":66}},"31":{"start":{"line":32,"column":0},"end":{"line":32,"column":28}},"32":{"start":{"line":33,"column":0},"end":{"line":33,"column":67}},"33":{"start":{"line":34,"column":0},"end":{"line":34,"column":28}},"34":{"start":{"line":35,"column":0},"end":{"line":35,"column":74}},"35":{"start":{"line":36,"column":0},"end":{"line":36,"column":10}},"36":{"start":{"line":37,"column":0},"end":{"line":37,"column":72}},"37":{"start":{"line":38,"column":0},"end":{"line":38,"column":3}},"39":{"start":{"line":40,"column":0},"end":{"line":40,"column":22}},"40":{"start":{"line":41,"column":0},"end":{"line":41,"column":36}},"41":{"start":{"line":42,"column":0},"end":{"line":42,"column":41}},"42":{"start":{"line":43,"column":0},"end":{"line":43,"column":41}},"43":{"start":{"line":44,"column":0},"end":{"line":44,"column":41}},"45":{"start":{"line":46,"column":0},"end":{"line":46,"column":76}},"46":{"start":{"line":47,"column":0},"end":{"line":47,"column":93}},"48":{"start":{"line":49,"column":0},"end":{"line":49,"column":78}},"49":{"start":{"line":50,"column":0},"end":{"line":50,"column":98}},"51":{"start":{"line":52,"column":0},"end":{"line":52,"column":83}},"52":{"start":{"line":53,"column":0},"end":{"line":53,"column":1}}},"s":{"0":1,"2":1,"3":1,"4":1,"5":1,"6":1,"7":8,"9":6,"10":6,"11":6,"13":6,"14":6,"15":30,"16":6,"18":6,"19":6,"21":6,"22":6,"23":6,"25":8,"26":0,"27":8,"28":3,"29":3,"30":0,"31":3,"32":1,"33":3,"34":1,"35":1,"36":1,"37":1,"39":6,"40":8,"41":3,"42":3,"43":2,"45":6,"46":6,"48":6,"49":6,"51":6,"52":6},"branchMap":{"0":{"type":"branch","line":7,"loc":{"start":{"line":7,"column":7},"end":{"line":53,"column":1}},"locations":[{"start":{"line":7,"column":7},"end":{"line":53,"column":1}}]},"1":{"type":"branch","line":8,"loc":{"start":{"line":8,"column":17},"end":{"line":8,"column":49}},"locations":[{"start":{"line":8,"column":17},"end":{"line":8,"column":49}}]},"2":{"type":"branch","line":8,"loc":{"start":{"line":8,"column":51},"end":{"line":8,"column":63}},"locations":[{"start":{"line":8,"column":51},"end":{"line":8,"column":63}}]},"3":{"type":"branch","line":8,"loc":{"start":{"line":8,"column":62},"end":{"line":26,"column":20}},"locations":[{"start":{"line":8,"column":62},"end":{"line":26,"column":20}}]},"4":{"type":"branch","line":26,"loc":{"start":{"line":26,"column":20},"end":{"line":28,"column":3}},"locations":[{"start":{"line":26,"column":20},"end":{"line":28,"column":3}}]},"5":{"type":"branch","line":28,"loc":{"start":{"line":28,"column":3},"end":{"line":41,"column":20}},"locations":[{"start":{"line":28,"column":3},"end":{"line":41,"column":20}}]},"6":{"type":"branch","line":28,"loc":{"start":{"line":28,"column":27},"end":{"line":38,"column":3}},"locations":[{"start":{"line":28,"column":27},"end":{"line":38,"column":3}}]},"7":{"type":"branch","line":30,"loc":{"start":{"line":30,"column":27},"end":{"line":32,"column":3}},"locations":[{"start":{"line":30,"column":27},"end":{"line":32,"column":3}}]},"8":{"type":"branch","line":32,"loc":{"start":{"line":32,"column":27},"end":{"line":34,"column":3}},"locations":[{"start":{"line":32,"column":27},"end":{"line":34,"column":3}}]},"9":{"type":"branch","line":34,"loc":{"start":{"line":34,"column":3},"end":{"line":38,"column":3}},"locations":[{"start":{"line":34,"column":3},"end":{"line":38,"column":3}}]},"10":{"type":"branch","line":34,"loc":{"start":{"line":34,"column":27},"end":{"line":38,"column":3}},"locations":[{"start":{"line":34,"column":27},"end":{"line":38,"column":3}}]},"11":{"type":"branch","line":41,"loc":{"start":{"line":41,"column":20},"end":{"line":44,"column":41}},"locations":[{"start":{"line":41,"column":20},"end":{"line":44,"column":41}}]},"12":{"type":"branch","line":42,"loc":{"start":{"line":42,"column":25},"end":{"line":42,"column":41}},"locations":[{"start":{"line":42,"column":25},"end":{"line":42,"column":41}}]},"13":{"type":"branch","line":43,"loc":{"start":{"line":43,"column":25},"end":{"line":43,"column":41}},"locations":[{"start":{"line":43,"column":25},"end":{"line":43,"column":41}}]},"14":{"type":"branch","line":43,"loc":{"start":{"line":43,"column":40},"end":{"line":44,"column":41}},"locations":[{"start":{"line":43,"column":40},"end":{"line":44,"column":41}}]},"15":{"type":"branch","line":44,"loc":{"start":{"line":44,"column":25},"end":{"line":44,"column":41}},"locations":[{"start":{"line":44,"column":25},"end":{"line":44,"column":41}}]},"16":{"type":"branch","line":44,"loc":{"start":{"line":44,"column":40},"end":{"line":53,"column":1}},"locations":[{"start":{"line":44,"column":40},"end":{"line":53,"column":1}}]},"17":{"type":"branch","line":15,"loc":{"start":{"line":15,"column":63},"end":{"line":17,"column":3}},"locations":[{"start":{"line":15,"column":63},"end":{"line":17,"column":3}}]},"18":{"type":"branch","line":16,"loc":{"start":{"line":16,"column":33},"end":{"line":16,"column":45}},"locations":[{"start":{"line":16,"column":33},"end":{"line":16,"column":45}}]}},"b":{"0":[8],"1":[7],"2":[2],"3":[6],"4":[0],"5":[6],"6":[3],"7":[0],"8":[1],"9":[2],"10":[1],"11":[3],"12":[0],"13":[1],"14":[2],"15":[1],"16":[6],"17":[30],"18":[24]},"fnMap":{"0":{"name":"calculateEcoScore","decl":{"start":{"line":7,"column":7},"end":{"line":53,"column":1}},"loc":{"start":{"line":7,"column":7},"end":{"line":53,"column":1}},"line":7}},"f":{"0":8}}
,"C:\\Users\\ayush\\projects\\ecotrace-india\\src\\utils\\calculateEmissions.js": {"path":"C:\\Users\\ayush\\projects\\ecotrace-india\\src\\utils\\calculateEmissions.js","all":false,"statementMap":{"0":{"start":{"line":1,"column":0},"end":{"line":1,"column":80}},"1":{"start":{"line":2,"column":0},"end":{"line":2,"column":8}},"7":{"start":{"line":8,"column":0},"end":{"line":8,"column":3}},"8":{"start":{"line":9,"column":0},"end":{"line":9,"column":65}},"9":{"start":{"line":10,"column":0},"end":{"line":10,"column":52}},"10":{"start":{"line":11,"column":0},"end":{"line":11,"column":141}},"11":{"start":{"line":12,"column":0},"end":{"line":12,"column":3}},"12":{"start":{"line":13,"column":0},"end":{"line":13,"column":49}},"13":{"start":{"line":14,"column":0},"end":{"line":14,"column":21}},"14":{"start":{"line":15,"column":0},"end":{"line":15,"column":104}},"15":{"start":{"line":16,"column":0},"end":{"line":16,"column":3}},"17":{"start":{"line":18,"column":0},"end":{"line":18,"column":20}},"18":{"start":{"line":19,"column":0},"end":{"line":19,"column":15}},"19":{"start":{"line":20,"column":0},"end":{"line":20,"column":17}},"20":{"start":{"line":21,"column":0},"end":{"line":21,"column":19}},"21":{"start":{"line":22,"column":0},"end":{"line":22,"column":16}},"23":{"start":{"line":24,"column":0},"end":{"line":24,"column":60}},"24":{"start":{"line":25,"column":0},"end":{"line":25,"column":88}},"25":{"start":{"line":26,"column":0},"end":{"line":26,"column":46}},"26":{"start":{"line":27,"column":0},"end":{"line":27,"column":33}},"28":{"start":{"line":29,"column":0},"end":{"line":29,"column":62}},"29":{"start":{"line":30,"column":0},"end":{"line":30,"column":64}},"31":{"start":{"line":32,"column":0},"end":{"line":32,"column":59}},"32":{"start":{"line":33,"column":0},"end":{"line":33,"column":79}},"34":{"start":{"line":35,"column":0},"end":{"line":35,"column":41}},"35":{"start":{"line":36,"column":0},"end":{"line":36,"column":53}},"36":{"start":{"line":37,"column":0},"end":{"line":37,"column":26}},"38":{"start":{"line":39,"column":0},"end":{"line":39,"column":49}},"40":{"start":{"line":41,"column":0},"end":{"line":41,"column":62}},"41":{"start":{"line":42,"column":0},"end":{"line":42,"column":66}},"43":{"start":{"line":44,"column":0},"end":{"line":44,"column":64}},"44":{"start":{"line":45,"column":0},"end":{"line":45,"column":31}},"46":{"start":{"line":47,"column":0},"end":{"line":47,"column":55}},"47":{"start":{"line":48,"column":0},"end":{"line":48,"column":65}},"49":{"start":{"line":50,"column":0},"end":{"line":50,"column":56}},"50":{"start":{"line":51,"column":0},"end":{"line":51,"column":55}},"52":{"start":{"line":53,"column":0},"end":{"line":53,"column":52}},"53":{"start":{"line":54,"column":0},"end":{"line":54,"column":56}},"55":{"start":{"line":56,"column":0},"end":{"line":56,"column":39}},"56":{"start":{"line":57,"column":0},"end":{"line":57,"column":53}},"57":{"start":{"line":58,"column":0},"end":{"line":58,"column":3}},"59":{"start":{"line":60,"column":0},"end":{"line":60,"column":55}},"60":{"start":{"line":61,"column":0},"end":{"line":61,"column":61}},"62":{"start":{"line":63,"column":0},"end":{"line":63,"column":55}},"63":{"start":{"line":64,"column":0},"end":{"line":64,"column":59}},"65":{"start":{"line":66,"column":0},"end":{"line":66,"column":58}},"66":{"start":{"line":67,"column":0},"end":{"line":67,"column":60}},"67":{"start":{"line":68,"column":0},"end":{"line":68,"column":28}},"68":{"start":{"line":69,"column":0},"end":{"line":69,"column":66}},"70":{"start":{"line":71,"column":0},"end":{"line":71,"column":61}},"71":{"start":{"line":72,"column":0},"end":{"line":72,"column":61}},"72":{"start":{"line":73,"column":0},"end":{"line":73,"column":54}},"74":{"start":{"line":75,"column":0},"end":{"line":75,"column":81}},"75":{"start":{"line":76,"column":0},"end":{"line":76,"column":1}}},"s":{"0":1,"1":1,"7":1,"8":1,"9":1,"10":1,"11":1,"12":1,"13":5,"14":1,"15":1,"17":4,"18":4,"19":4,"20":4,"21":4,"23":4,"24":5,"25":5,"26":5,"28":5,"29":5,"31":4,"32":4,"34":4,"35":5,"36":5,"38":5,"40":4,"41":4,"43":4,"44":4,"46":4,"47":4,"49":5,"50":5,"52":5,"53":5,"55":5,"56":0,"57":0,"59":4,"60":4,"62":4,"63":4,"65":4,"66":5,"67":5,"68":5,"70":4,"71":4,"72":5,"74":5,"75":5},"branchMap":{"0":{"type":"branch","line":13,"loc":{"start":{"line":13,"column":7},"end":{"line":76,"column":1}},"locations":[{"start":{"line":13,"column":7},"end":{"line":76,"column":1}}]},"1":{"type":"branch","line":14,"loc":{"start":{"line":14,"column":20},"end":{"line":16,"column":3}},"locations":[{"start":{"line":14,"column":20},"end":{"line":16,"column":3}}]},"2":{"type":"branch","line":16,"loc":{"start":{"line":16,"column":2},"end":{"line":25,"column":49}},"locations":[{"start":{"line":16,"column":2},"end":{"line":25,"column":49}}]},"3":{"type":"branch","line":25,"loc":{"start":{"line":25,"column":49},"end":{"line":25,"column":87}},"locations":[{"start":{"line":25,"column":49},"end":{"line":25,"column":87}}]},"4":{"type":"branch","line":26,"loc":{"start":{"line":26,"column":41},"end":{"line":26,"column":45}},"locations":[{"start":{"line":26,"column":41},"end":{"line":26,"column":45}}]},"5":{"type":"branch","line":29,"loc":{"start":{"line":29,"column":45},"end":{"line":29,"column":62}},"locations":[{"start":{"line":29,"column":45},"end":{"line":29,"column":62}}]},"6":{"type":"branch","line":29,"loc":{"start":{"line":29,"column":61},"end":{"line":30,"column":46}},"locations":[{"start":{"line":29,"column":61},"end":{"line":30,"column":46}}]},"7":{"type":"branch","line":30,"loc":{"start":{"line":30,"column":46},"end":{"line":30,"column":64}},"locations":[{"start":{"line":30,"column":46},"end":{"line":30,"column":64}}]},"8":{"type":"branch","line":30,"loc":{"start":{"line":30,"column":63},"end":{"line":36,"column":46}},"locations":[{"start":{"line":30,"column":63},"end":{"line":36,"column":46}}]},"9":{"type":"branch","line":36,"loc":{"start":{"line":36,"column":46},"end":{"line":36,"column":52}},"locations":[{"start":{"line":36,"column":46},"end":{"line":36,"column":52}}]},"10":{"type":"branch","line":39,"loc":{"start":{"line":39,"column":36},"end":{"line":39,"column":49}},"locations":[{"start":{"line":39,"column":36},"end":{"line":39,"column":49}}]},"11":{"type":"branch","line":39,"loc":{"start":{"line":39,"column":48},"end":{"line":50,"column":51}},"locations":[{"start":{"line":39,"column":48},"end":{"line":50,"column":51}}]},"12":{"type":"branch","line":50,"loc":{"start":{"line":50,"column":51},"end":{"line":50,"column":55}},"locations":[{"start":{"line":50,"column":51},"end":{"line":50,"column":55}}]},"13":{"type":"branch","line":56,"loc":{"start":{"line":56,"column":38},"end":{"line":58,"column":3}},"locations":[{"start":{"line":56,"column":38},"end":{"line":58,"column":3}}]},"14":{"type":"branch","line":58,"loc":{"start":{"line":58,"column":2},"end":{"line":67,"column":53}},"locations":[{"start":{"line":58,"column":2},"end":{"line":67,"column":53}}]},"15":{"type":"branch","line":67,"loc":{"start":{"line":67,"column":53},"end":{"line":67,"column":59}},"locations":[{"start":{"line":67,"column":53},"end":{"line":67,"column":59}}]},"16":{"type":"branch","line":69,"loc":{"start":{"line":69,"column":52},"end":{"line":69,"column":66}},"locations":[{"start":{"line":69,"column":52},"end":{"line":69,"column":66}}]},"17":{"type":"branch","line":69,"loc":{"start":{"line":69,"column":65},"end":{"line":73,"column":38}},"locations":[{"start":{"line":69,"column":65},"end":{"line":73,"column":38}}]},"18":{"type":"branch","line":73,"loc":{"start":{"line":73,"column":38},"end":{"line":73,"column":49}},"locations":[{"start":{"line":73,"column":38},"end":{"line":73,"column":49}}]},"19":{"type":"branch","line":73,"loc":{"start":{"line":73,"column":50},"end":{"line":73,"column":53}},"locations":[{"start":{"line":73,"column":50},"end":{"line":73,"column":53}}]}},"b":{"0":[5],"1":[1],"2":[4],"3":[0],"4":[1],"5":[0],"6":[4],"7":[0],"8":[4],"9":[0],"10":[0],"11":[4],"12":[1],"13":[0],"14":[4],"15":[0],"16":[0],"17":[4],"18":[2],"19":[2]},"fnMap":{"0":{"name":"calculateEmissions","decl":{"start":{"line":13,"column":7},"end":{"line":76,"column":1}},"loc":{"start":{"line":13,"column":7},"end":{"line":76,"column":1}},"line":13}},"f":{"0":5}}
,"C:\\Users\\ayush\\projects\\ecotrace-india\\src\\utils\\emissionFactors.js": {"path":"C:\\Users\\ayush\\projects\\ecotrace-india\\src\\utils\\emissionFactors.js","all":false,"statementMap":{"0":{"start":{"line":1,"column":0},"end":{"line":1,"column":30}},"1":{"start":{"line":2,"column":0},"end":{"line":2,"column":14}},"2":{"start":{"line":3,"column":0},"end":{"line":3,"column":64}},"3":{"start":{"line":4,"column":0},"end":{"line":4,"column":51}},"4":{"start":{"line":5,"column":0},"end":{"line":5,"column":65}},"5":{"start":{"line":6,"column":0},"end":{"line":6,"column":4}},"6":{"start":{"line":7,"column":0},"end":{"line":7,"column":9}},"7":{"start":{"line":8,"column":0},"end":{"line":8,"column":56}},"8":{"start":{"line":9,"column":0},"end":{"line":9,"column":44}},"9":{"start":{"line":10,"column":0},"end":{"line":10,"column":4}},"10":{"start":{"line":11,"column":0},"end":{"line":11,"column":11}},"11":{"start":{"line":12,"column":0},"end":{"line":12,"column":23}},"12":{"start":{"line":13,"column":0},"end":{"line":13,"column":64}},"13":{"start":{"line":14,"column":0},"end":{"line":14,"column":37}},"14":{"start":{"line":15,"column":0},"end":{"line":15,"column":4}},"15":{"start":{"line":16,"column":0},"end":{"line":16,"column":13}},"16":{"start":{"line":17,"column":0},"end":{"line":17,"column":48}},"17":{"start":{"line":18,"column":0},"end":{"line":18,"column":40}},"18":{"start":{"line":19,"column":0},"end":{"line":19,"column":4}},"19":{"start":{"line":20,"column":0},"end":{"line":20,"column":46}},"20":{"start":{"line":21,"column":0},"end":{"line":21,"column":2}},"22":{"start":{"line":23,"column":0},"end":{"line":23,"column":33}},"23":{"start":{"line":24,"column":0},"end":{"line":24,"column":57}},"24":{"start":{"line":25,"column":0},"end":{"line":25,"column":57}},"25":{"start":{"line":26,"column":0},"end":{"line":26,"column":57}},"26":{"start":{"line":27,"column":0},"end":{"line":27,"column":2}}},"s":{"0":1,"1":1,"2":1,"3":1,"4":1,"5":1,"6":1,"7":1,"8":1,"9":1,"10":1,"11":1,"12":1,"13":1,"14":1,"15":1,"16":1,"17":1,"18":1,"19":1,"20":1,"22":1,"23":1,"24":1,"25":1,"26":1},"branchMap":{},"b":{},"fnMap":{},"f":{}}
,"C:\\Users\\ayush\\projects\\ecotrace-india\\src\\utils\\formatters.js": {"path":"C:\\Users\\ayush\\projects\\ecotrace-india\\src\\utils\\formatters.js","all":false,"statementMap":{"0":{"start":{"line":1,"column":0},"end":{"line":1,"column":34}},"1":{"start":{"line":2,"column":0},"end":{"line":2,"column":55}},"2":{"start":{"line":3,"column":0},"end":{"line":3,"column":32}},"3":{"start":{"line":4,"column":0},"end":{"line":4,"column":2}},"5":{"start":{"line":6,"column":0},"end":{"line":6,"column":40}},"6":{"start":{"line":7,"column":0},"end":{"line":7,"column":58}},"7":{"start":{"line":8,"column":0},"end":{"line":8,"column":2}},"9":{"start":{"line":10,"column":0},"end":{"line":10,"column":41}},"10":{"start":{"line":11,"column":0},"end":{"line":11,"column":33}},"11":{"start":{"line":12,"column":0},"end":{"line":12,"column":2}}},"s":{"0":1,"1":3,"2":2,"3":2,"5":1,"6":2,"7":2,"9":1,"10":1,"11":1},"branchMap":{"0":{"type":"branch","line":1,"loc":{"start":{"line":1,"column":25},"end":{"line":4,"column":2}},"locations":[{"start":{"line":1,"column":25},"end":{"line":4,"column":2}}]},"1":{"type":"branch","line":2,"loc":{"start":{"line":2,"column":18},"end":{"line":4,"column":2}},"locations":[{"start":{"line":2,"column":18},"end":{"line":4,"column":2}}]},"2":{"type":"branch","line":2,"loc":{"start":{"line":2,"column":18},"end":{"line":2,"column":55}},"locations":[{"start":{"line":2,"column":18},"end":{"line":2,"column":55}}]},"3":{"type":"branch","line":6,"loc":{"start":{"line":6,"column":27},"end":{"line":8,"column":2}},"locations":[{"start":{"line":6,"column":27},"end":{"line":8,"column":2}}]},"4":{"type":"branch","line":10,"loc":{"start":{"line":10,"column":29},"end":{"line":12,"column":2}},"locations":[{"start":{"line":10,"column":29},"end":{"line":12,"column":2}}]}},"b":{"0":[3],"1":[2],"2":[1],"3":[2],"4":[1]},"fnMap":{"0":{"name":"formatCO2","decl":{"start":{"line":1,"column":25},"end":{"line":4,"column":2}},"loc":{"start":{"line":1,"column":25},"end":{"line":4,"column":2}},"line":1},"1":{"name":"formatMoney","decl":{"start":{"line":6,"column":27},"end":{"line":8,"column":2}},"loc":{"start":{"line":6,"column":27},"end":{"line":8,"column":2}},"line":6},"2":{"name":"formatPercent","decl":{"start":{"line":10,"column":29},"end":{"line":12,"column":2}},"loc":{"start":{"line":10,"column":29},"end":{"line":12,"column":2}},"line":10}},"f":{"0":3,"1":2,"2":1}}
,"C:\\Users\\ayush\\projects\\ecotrace-india\\src\\utils\\indiaRules.js": {"path":"C:\\Users\\ayush\\projects\\ecotrace-india\\src\\utils\\indiaRules.js","all":false,"statementMap":{"0":{"start":{"line":1,"column":0},"end":{"line":1,"column":48}},"1":{"start":{"line":2,"column":0},"end":{"line":2,"column":17}},"2":{"start":{"line":3,"column":0},"end":{"line":3,"column":16}},"3":{"start":{"line":4,"column":0},"end":{"line":4,"column":166}},"4":{"start":{"line":5,"column":0},"end":{"line":5,"column":157}},"5":{"start":{"line":6,"column":0},"end":{"line":6,"column":140}},"6":{"start":{"line":7,"column":0},"end":{"line":7,"column":153}},"7":{"start":{"line":8,"column":0},"end":{"line":8,"column":146}},"8":{"start":{"line":9,"column":0},"end":{"line":9,"column":139}},"9":{"start":{"line":10,"column":0},"end":{"line":10,"column":138}},"10":{"start":{"line":11,"column":0},"end":{"line":11,"column":134}},"11":{"start":{"line":12,"column":0},"end":{"line":12,"column":154}},"12":{"start":{"line":13,"column":0},"end":{"line":13,"column":151}},"13":{"start":{"line":14,"column":0},"end":{"line":14,"column":6}},"14":{"start":{"line":15,"column":0},"end":{"line":15,"column":11}},"15":{"start":{"line":16,"column":0},"end":{"line":16,"column":155}},"16":{"start":{"line":17,"column":0},"end":{"line":17,"column":140}},"17":{"start":{"line":18,"column":0},"end":{"line":18,"column":153}},"18":{"start":{"line":19,"column":0},"end":{"line":19,"column":128}},"19":{"start":{"line":20,"column":0},"end":{"line":20,"column":133}},"20":{"start":{"line":21,"column":0},"end":{"line":21,"column":126}},"21":{"start":{"line":22,"column":0},"end":{"line":22,"column":136}},"22":{"start":{"line":23,"column":0},"end":{"line":23,"column":124}},"23":{"start":{"line":24,"column":0},"end":{"line":24,"column":141}},"24":{"start":{"line":25,"column":0},"end":{"line":25,"column":129}},"25":{"start":{"line":26,"column":0},"end":{"line":26,"column":6}},"26":{"start":{"line":27,"column":0},"end":{"line":27,"column":13}},"27":{"start":{"line":28,"column":0},"end":{"line":28,"column":139}},"28":{"start":{"line":29,"column":0},"end":{"line":29,"column":127}},"29":{"start":{"line":30,"column":0},"end":{"line":30,"column":134}},"30":{"start":{"line":31,"column":0},"end":{"line":31,"column":131}},"31":{"start":{"line":32,"column":0},"end":{"line":32,"column":139}},"32":{"start":{"line":33,"column":0},"end":{"line":33,"column":136}},"33":{"start":{"line":34,"column":0},"end":{"line":34,"column":133}},"34":{"start":{"line":35,"column":0},"end":{"line":35,"column":134}},"35":{"start":{"line":36,"column":0},"end":{"line":36,"column":130}},"36":{"start":{"line":37,"column":0},"end":{"line":37,"column":120}},"37":{"start":{"line":38,"column":0},"end":{"line":38,"column":6}},"38":{"start":{"line":39,"column":0},"end":{"line":39,"column":15}},"39":{"start":{"line":40,"column":0},"end":{"line":40,"column":124}},"40":{"start":{"line":41,"column":0},"end":{"line":41,"column":142}},"41":{"start":{"line":42,"column":0},"end":{"line":42,"column":136}},"42":{"start":{"line":43,"column":0},"end":{"line":43,"column":137}},"43":{"start":{"line":44,"column":0},"end":{"line":44,"column":133}},"44":{"start":{"line":45,"column":0},"end":{"line":45,"column":127}},"45":{"start":{"line":46,"column":0},"end":{"line":46,"column":132}},"46":{"start":{"line":47,"column":0},"end":{"line":47,"column":109}},"47":{"start":{"line":48,"column":0},"end":{"line":48,"column":116}},"48":{"start":{"line":49,"column":0},"end":{"line":49,"column":120}},"49":{"start":{"line":50,"column":0},"end":{"line":50,"column":6}},"50":{"start":{"line":51,"column":0},"end":{"line":51,"column":12}},"51":{"start":{"line":52,"column":0},"end":{"line":52,"column":136}},"52":{"start":{"line":53,"column":0},"end":{"line":53,"column":128}},"53":{"start":{"line":54,"column":0},"end":{"line":54,"column":127}},"54":{"start":{"line":55,"column":0},"end":{"line":55,"column":121}},"55":{"start":{"line":56,"column":0},"end":{"line":56,"column":129}},"56":{"start":{"line":57,"column":0},"end":{"line":57,"column":128}},"57":{"start":{"line":58,"column":0},"end":{"line":58,"column":121}},"58":{"start":{"line":59,"column":0},"end":{"line":59,"column":113}},"59":{"start":{"line":60,"column":0},"end":{"line":60,"column":119}},"60":{"start":{"line":61,"column":0},"end":{"line":61,"column":118}},"61":{"start":{"line":62,"column":0},"end":{"line":62,"column":5}},"62":{"start":{"line":63,"column":0},"end":{"line":63,"column":4}},"64":{"start":{"line":65,"column":0},"end":{"line":65,"column":78}},"66":{"start":{"line":67,"column":0},"end":{"line":67,"column":40}},"67":{"start":{"line":68,"column":0},"end":{"line":68,"column":22}},"68":{"start":{"line":69,"column":0},"end":{"line":69,"column":52}},"69":{"start":{"line":70,"column":0},"end":{"line":70,"column":42}},"70":{"start":{"line":71,"column":0},"end":{"line":71,"column":46}},"71":{"start":{"line":72,"column":0},"end":{"line":72,"column":50}},"72":{"start":{"line":73,"column":0},"end":{"line":73,"column":43}},"73":{"start":{"line":74,"column":0},"end":{"line":74,"column":34}},"75":{"start":{"line":76,"column":0},"end":{"line":76,"column":67}},"76":{"start":{"line":77,"column":0},"end":{"line":77,"column":64}},"77":{"start":{"line":78,"column":0},"end":{"line":78,"column":2}},"78":{"start":{"line":79,"column":0},"end":{"line":79,"column":41}},"79":{"start":{"line":80,"column":0},"end":{"line":80,"column":32}},"80":{"start":{"line":81,"column":0},"end":{"line":81,"column":66}},"81":{"start":{"line":82,"column":0},"end":{"line":82,"column":31}},"82":{"start":{"line":83,"column":0},"end":{"line":83,"column":5}},"84":{"start":{"line":85,"column":0},"end":{"line":85,"column":14}},"85":{"start":{"line":86,"column":0},"end":{"line":86,"column":2}}},"s":{"0":1,"1":2,"2":2,"3":2,"4":2,"5":2,"6":2,"7":2,"8":2,"9":2,"10":2,"11":2,"12":2,"13":2,"14":2,"15":2,"16":2,"17":2,"18":2,"19":2,"20":2,"21":2,"22":2,"23":2,"24":2,"25":2,"26":2,"27":2,"28":2,"29":2,"30":2,"31":2,"32":2,"33":2,"34":2,"35":2,"36":2,"37":2,"38":2,"39":2,"40":2,"41":2,"42":2,"43":2,"44":2,"45":2,"46":2,"47":2,"48":2,"49":2,"50":2,"51":2,"52":2,"53":2,"54":2,"55":2,"56":2,"57":2,"58":2,"59":2,"60":2,"61":2,"62":2,"64":2,"66":1,"67":1,"68":1,"69":1,"70":1,"71":1,"72":1,"73":1,"75":1,"76":1,"77":1,"78":1,"79":3,"80":3,"81":3,"82":1,"84":1,"85":1},"branchMap":{"0":{"type":"branch","line":1,"loc":{"start":{"line":1,"column":32},"end":{"line":86,"column":2}},"locations":[{"start":{"line":1,"column":32},"end":{"line":86,"column":2}}]},"1":{"type":"branch","line":65,"loc":{"start":{"line":65,"column":18},"end":{"line":86,"column":2}},"locations":[{"start":{"line":65,"column":18},"end":{"line":86,"column":2}}]},"2":{"type":"branch","line":74,"loc":{"start":{"line":74,"column":9},"end":{"line":74,"column":32}},"locations":[{"start":{"line":74,"column":9},"end":{"line":74,"column":32}}]},"3":{"type":"branch","line":77,"loc":{"start":{"line":77,"column":51},"end":{"line":77,"column":62}},"locations":[{"start":{"line":77,"column":51},"end":{"line":77,"column":62}}]},"4":{"type":"branch","line":79,"loc":{"start":{"line":79,"column":33},"end":{"line":83,"column":3}},"locations":[{"start":{"line":79,"column":33},"end":{"line":83,"column":3}}]}},"b":{"0":[2],"1":[1],"2":[4],"3":[3],"4":[3]},"fnMap":{"0":{"name":"getRuleBasedTips","decl":{"start":{"line":1,"column":32},"end":{"line":86,"column":2}},"loc":{"start":{"line":1,"column":32},"end":{"line":86,"column":2}},"line":1}},"f":{"0":2}}
,"C:\\Users\\ayush\\projects\\ecotrace-india\\src\\utils\\quizMapping.js": {"path":"C:\\Users\\ayush\\projects\\ecotrace-india\\src\\utils\\quizMapping.js","all":false,"statementMap":{"0":{"start":{"line":1,"column":0},"end":{"line":1,"column":75}},"2":{"start":{"line":3,"column":0},"end":{"line":3,"column":35}},"3":{"start":{"line":4,"column":0},"end":{"line":4,"column":24}},"4":{"start":{"line":5,"column":0},"end":{"line":5,"column":17}},"5":{"start":{"line":6,"column":0},"end":{"line":6,"column":19}},"6":{"start":{"line":7,"column":0},"end":{"line":7,"column":23}},"7":{"start":{"line":8,"column":0},"end":{"line":8,"column":27}},"8":{"start":{"line":9,"column":0},"end":{"line":9,"column":24}},"9":{"start":{"line":10,"column":0},"end":{"line":10,"column":20}},"10":{"start":{"line":11,"column":0},"end":{"line":11,"column":27}},"11":{"start":{"line":12,"column":0},"end":{"line":12,"column":2}},"13":{"start":{"line":14,"column":0},"end":{"line":14,"column":25}},"14":{"start":{"line":15,"column":0},"end":{"line":15,"column":20}},"15":{"start":{"line":16,"column":0},"end":{"line":16,"column":23}},"16":{"start":{"line":17,"column":0},"end":{"line":17,"column":26}},"17":{"start":{"line":18,"column":0},"end":{"line":18,"column":31}},"18":{"start":{"line":19,"column":0},"end":{"line":19,"column":31}},"19":{"start":{"line":20,"column":0},"end":{"line":20,"column":2}},"21":{"start":{"line":22,"column":0},"end":{"line":22,"column":26}},"22":{"start":{"line":23,"column":0},"end":{"line":23,"column":23}},"23":{"start":{"line":24,"column":0},"end":{"line":24,"column":28}},"24":{"start":{"line":25,"column":0},"end":{"line":25,"column":26}},"25":{"start":{"line":26,"column":0},"end":{"line":26,"column":2}},"27":{"start":{"line":28,"column":0},"end":{"line":28,"column":62}},"28":{"start":{"line":29,"column":0},"end":{"line":29,"column":98}},"29":{"start":{"line":30,"column":0},"end":{"line":30,"column":82}},"30":{"start":{"line":31,"column":0},"end":{"line":31,"column":77}},"31":{"start":{"line":32,"column":0},"end":{"line":32,"column":68}},"32":{"start":{"line":33,"column":0},"end":{"line":33,"column":80}},"33":{"start":{"line":34,"column":0},"end":{"line":34,"column":142}},"35":{"start":{"line":36,"column":0},"end":{"line":36,"column":56}},"36":{"start":{"line":37,"column":0},"end":{"line":37,"column":77}},"37":{"start":{"line":38,"column":0},"end":{"line":38,"column":70}},"38":{"start":{"line":39,"column":0},"end":{"line":39,"column":57}},"39":{"start":{"line":40,"column":0},"end":{"line":40,"column":35}},"40":{"start":{"line":41,"column":0},"end":{"line":41,"column":50}},"41":{"start":{"line":42,"column":0},"end":{"line":42,"column":1}},"43":{"start":{"line":44,"column":0},"end":{"line":44,"column":40}},"44":{"start":{"line":45,"column":0},"end":{"line":45,"column":51}},"45":{"start":{"line":46,"column":0},"end":{"line":46,"column":1}},"47":{"start":{"line":48,"column":0},"end":{"line":48,"column":31}},"48":{"start":{"line":49,"column":0},"end":{"line":49,"column":38}},"49":{"start":{"line":50,"column":0},"end":{"line":50,"column":1}},"51":{"start":{"line":52,"column":0},"end":{"line":52,"column":33}},"52":{"start":{"line":53,"column":0},"end":{"line":53,"column":43}},"53":{"start":{"line":54,"column":0},"end":{"line":54,"column":1}},"55":{"start":{"line":56,"column":0},"end":{"line":56,"column":72}},"56":{"start":{"line":57,"column":0},"end":{"line":57,"column":77}},"57":{"start":{"line":58,"column":0},"end":{"line":58,"column":64}},"58":{"start":{"line":59,"column":0},"end":{"line":59,"column":67}},"59":{"start":{"line":60,"column":0},"end":{"line":60,"column":70}},"60":{"start":{"line":61,"column":0},"end":{"line":61,"column":72}},"61":{"start":{"line":62,"column":0},"end":{"line":62,"column":77}}},"s":{"0":1,"2":1,"3":1,"4":1,"5":1,"6":1,"7":1,"8":1,"9":1,"10":1,"11":1,"13":1,"14":1,"15":1,"16":1,"17":1,"18":1,"19":1,"21":1,"22":1,"23":1,"24":1,"25":1,"27":1,"28":1,"29":1,"30":1,"31":1,"32":1,"33":1,"35":1,"36":40,"37":40,"38":40,"39":0,"40":40,"41":40,"43":1,"44":8,"45":8,"47":1,"48":5,"49":5,"51":1,"52":5,"53":5,"55":1,"56":1,"57":1,"58":1,"59":1,"60":1,"61":1},"branchMap":{"0":{"type":"branch","line":36,"loc":{"start":{"line":36,"column":7},"end":{"line":42,"column":1}},"locations":[{"start":{"line":36,"column":7},"end":{"line":42,"column":1}}]},"1":{"type":"branch","line":37,"loc":{"start":{"line":37,"column":44},"end":{"line":37,"column":59}},"locations":[{"start":{"line":37,"column":44},"end":{"line":37,"column":59}}]},"2":{"type":"branch","line":37,"loc":{"start":{"line":37,"column":61},"end":{"line":37,"column":77}},"locations":[{"start":{"line":37,"column":61},"end":{"line":37,"column":77}}]},"3":{"type":"branch","line":37,"loc":{"start":{"line":37,"column":76},"end":{"line":38,"column":32}},"locations":[{"start":{"line":37,"column":76},"end":{"line":38,"column":32}}]},"4":{"type":"branch","line":38,"loc":{"start":{"line":38,"column":32},"end":{"line":38,"column":55}},"locations":[{"start":{"line":38,"column":32},"end":{"line":38,"column":55}}]},"5":{"type":"branch","line":38,"loc":{"start":{"line":38,"column":57},"end":{"line":38,"column":70}},"locations":[{"start":{"line":38,"column":57},"end":{"line":38,"column":70}}]},"6":{"type":"branch","line":38,"loc":{"start":{"line":38,"column":69},"end":{"line":39,"column":37}},"locations":[{"start":{"line":38,"column":69},"end":{"line":39,"column":37}}]},"7":{"type":"branch","line":39,"loc":{"start":{"line":39,"column":39},"end":{"line":39,"column":57}},"locations":[{"start":{"line":39,"column":39},"end":{"line":39,"column":57}}]},"8":{"type":"branch","line":39,"loc":{"start":{"line":39,"column":56},"end":{"line":41,"column":40}},"locations":[{"start":{"line":39,"column":56},"end":{"line":41,"column":40}}]},"9":{"type":"branch","line":41,"loc":{"start":{"line":41,"column":41},"end":{"line":41,"column":49}},"locations":[{"start":{"line":41,"column":41},"end":{"line":41,"column":49}}]},"10":{"type":"branch","line":44,"loc":{"start":{"line":44,"column":7},"end":{"line":46,"column":1}},"locations":[{"start":{"line":44,"column":7},"end":{"line":46,"column":1}}]},"11":{"type":"branch","line":45,"loc":{"start":{"line":45,"column":34},"end":{"line":45,"column":50}},"locations":[{"start":{"line":45,"column":34},"end":{"line":45,"column":50}}]},"12":{"type":"branch","line":48,"loc":{"start":{"line":48,"column":7},"end":{"line":50,"column":1}},"locations":[{"start":{"line":48,"column":7},"end":{"line":50,"column":1}}]},"13":{"type":"branch","line":49,"loc":{"start":{"line":49,"column":24},"end":{"line":49,"column":37}},"locations":[{"start":{"line":49,"column":24},"end":{"line":49,"column":37}}]},"14":{"type":"branch","line":52,"loc":{"start":{"line":52,"column":7},"end":{"line":54,"column":1}},"locations":[{"start":{"line":52,"column":7},"end":{"line":54,"column":1}}]},"15":{"type":"branch","line":53,"loc":{"start":{"line":53,"column":26},"end":{"line":53,"column":42}},"locations":[{"start":{"line":53,"column":26},"end":{"line":53,"column":42}}]},"16":{"type":"branch","line":56,"loc":{"start":{"line":56,"column":7},"end":{"line":56,"column":72}},"locations":[{"start":{"line":56,"column":7},"end":{"line":56,"column":72}}]},"17":{"type":"branch","line":57,"loc":{"start":{"line":57,"column":7},"end":{"line":57,"column":77}},"locations":[{"start":{"line":57,"column":7},"end":{"line":57,"column":77}}]},"18":{"type":"branch","line":58,"loc":{"start":{"line":58,"column":7},"end":{"line":58,"column":64}},"locations":[{"start":{"line":58,"column":7},"end":{"line":58,"column":64}}]},"19":{"type":"branch","line":59,"loc":{"start":{"line":59,"column":7},"end":{"line":59,"column":67}},"locations":[{"start":{"line":59,"column":7},"end":{"line":59,"column":67}}]},"20":{"type":"branch","line":60,"loc":{"start":{"line":60,"column":7},"end":{"line":60,"column":70}},"locations":[{"start":{"line":60,"column":7},"end":{"line":60,"column":70}}]},"21":{"type":"branch","line":61,"loc":{"start":{"line":61,"column":7},"end":{"line":61,"column":72}},"locations":[{"start":{"line":61,"column":7},"end":{"line":61,"column":72}}]},"22":{"type":"branch","line":62,"loc":{"start":{"line":62,"column":7},"end":{"line":62,"column":77}},"locations":[{"start":{"line":62,"column":7},"end":{"line":62,"column":77}}]}},"b":{"0":[40],"1":[32],"2":[8],"3":[32],"4":[0],"5":[0],"6":[32],"7":[32],"8":[0],"9":[0],"10":[8],"11":[1],"12":[5],"13":[1],"14":[5],"15":[1],"16":[8],"17":[6],"18":[6],"19":[5],"20":[5],"21":[5],"22":[5]},"fnMap":{"0":{"name":"parseNumeric","decl":{"start":{"line":36,"column":7},"end":{"line":42,"column":1}},"loc":{"start":{"line":36,"column":7},"end":{"line":42,"column":1}},"line":36},"1":{"name":"mapTransportMode","decl":{"start":{"line":44,"column":7},"end":{"line":46,"column":1}},"loc":{"start":{"line":44,"column":7},"end":{"line":46,"column":1}},"line":44},"2":{"name":"mapDiet","decl":{"start":{"line":48,"column":7},"end":{"line":50,"column":1}},"loc":{"start":{"line":48,"column":7},"end":{"line":50,"column":1}},"line":48},"3":{"name":"mapWaste","decl":{"start":{"line":52,"column":7},"end":{"line":54,"column":1}},"loc":{"start":{"line":52,"column":7},"end":{"line":54,"column":1}},"line":52},"4":{"name":"parseFlights","decl":{"start":{"line":56,"column":7},"end":{"line":56,"column":72}},"loc":{"start":{"line":56,"column":7},"end":{"line":56,"column":72}},"line":56},"5":{"name":"parseEatingOut","decl":{"start":{"line":57,"column":7},"end":{"line":57,"column":77}},"loc":{"start":{"line":57,"column":7},"end":{"line":57,"column":77}},"line":57},"6":{"name":"parseLpg","decl":{"start":{"line":58,"column":7},"end":{"line":58,"column":64}},"loc":{"start":{"line":58,"column":7},"end":{"line":58,"column":64}},"line":58},"7":{"name":"parseAcHours","decl":{"start":{"line":59,"column":7},"end":{"line":59,"column":67}},"loc":{"start":{"line":59,"column":7},"end":{"line":59,"column":67}},"line":59},"8":{"name":"parseOrders","decl":{"start":{"line":60,"column":7},"end":{"line":60,"column":70}},"loc":{"start":{"line":60,"column":7},"end":{"line":60,"column":70}},"line":60},"9":{"name":"parseClothes","decl":{"start":{"line":61,"column":7},"end":{"line":61,"column":72}},"loc":{"start":{"line":61,"column":7},"end":{"line":61,"column":72}},"line":61},"10":{"name":"parseFoodWaste","decl":{"start":{"line":62,"column":7},"end":{"line":62,"column":77}},"loc":{"start":{"line":62,"column":7},"end":{"line":62,"column":77}},"line":62}},"f":{"0":40,"1":8,"2":5,"3":5,"4":8,"5":6,"6":6,"7":5,"8":5,"9":5,"10":5}}
,"C:\\Users\\ayush\\projects\\ecotrace-india\\src\\utils\\sanitize.js": {"path":"C:\\Users\\ayush\\projects\\ecotrace-india\\src\\utils\\sanitize.js","all":false,"statementMap":{"0":{"start":{"line":1,"column":0},"end":{"line":1,"column":49}},"1":{"start":{"line":2,"column":0},"end":{"line":2,"column":34}},"3":{"start":{"line":4,"column":0},"end":{"line":4,"column":3}},"4":{"start":{"line":5,"column":0},"end":{"line":5,"column":66}},"5":{"start":{"line":6,"column":0},"end":{"line":6,"column":25}},"6":{"start":{"line":7,"column":0},"end":{"line":7,"column":28}},"7":{"start":{"line":8,"column":0},"end":{"line":8,"column":3}},"8":{"start":{"line":9,"column":0},"end":{"line":9,"column":54}},"9":{"start":{"line":10,"column":0},"end":{"line":10,"column":43}},"10":{"start":{"line":11,"column":0},"end":{"line":11,"column":70}},"11":{"start":{"line":12,"column":0},"end":{"line":12,"column":1}},"13":{"start":{"line":14,"column":0},"end":{"line":14,"column":29}},"14":{"start":{"line":15,"column":0},"end":{"line":15,"column":37}},"15":{"start":{"line":16,"column":0},"end":{"line":16,"column":69}},"16":{"start":{"line":17,"column":0},"end":{"line":17,"column":1}},"18":{"start":{"line":19,"column":0},"end":{"line":19,"column":32}},"19":{"start":{"line":20,"column":0},"end":{"line":20,"column":43}},"20":{"start":{"line":21,"column":0},"end":{"line":21,"column":88}},"21":{"start":{"line":22,"column":0},"end":{"line":22,"column":1}},"23":{"start":{"line":24,"column":0},"end":{"line":24,"column":68}},"24":{"start":{"line":25,"column":0},"end":{"line":25,"column":54}},"25":{"start":{"line":26,"column":0},"end":{"line":26,"column":49}},"26":{"start":{"line":27,"column":0},"end":{"line":27,"column":25}},"27":{"start":{"line":28,"column":0},"end":{"line":28,"column":34}},"28":{"start":{"line":29,"column":0},"end":{"line":29,"column":24}},"30":{"start":{"line":31,"column":0},"end":{"line":31,"column":7}},"31":{"start":{"line":32,"column":0},"end":{"line":32,"column":44}},"32":{"start":{"line":33,"column":0},"end":{"line":33,"column":48}},"33":{"start":{"line":34,"column":0},"end":{"line":34,"column":64}},"35":{"start":{"line":36,"column":0},"end":{"line":36,"column":39}},"36":{"start":{"line":37,"column":0},"end":{"line":37,"column":76}},"37":{"start":{"line":38,"column":0},"end":{"line":38,"column":5}},"38":{"start":{"line":39,"column":0},"end":{"line":39,"column":47}},"39":{"start":{"line":40,"column":0},"end":{"line":40,"column":11}},"40":{"start":{"line":41,"column":0},"end":{"line":41,"column":43}},"41":{"start":{"line":42,"column":0},"end":{"line":42,"column":3}},"42":{"start":{"line":43,"column":0},"end":{"line":43,"column":1}},"44":{"start":{"line":45,"column":0},"end":{"line":45,"column":29}},"45":{"start":{"line":46,"column":0},"end":{"line":46,"column":53}},"46":{"start":{"line":47,"column":0},"end":{"line":47,"column":49}},"47":{"start":{"line":48,"column":0},"end":{"line":48,"column":43}},"48":{"start":{"line":49,"column":0},"end":{"line":49,"column":59}},"49":{"start":{"line":50,"column":0},"end":{"line":50,"column":56}},"50":{"start":{"line":51,"column":0},"end":{"line":51,"column":1}},"52":{"start":{"line":53,"column":0},"end":{"line":53,"column":29}},"53":{"start":{"line":54,"column":0},"end":{"line":54,"column":53}},"54":{"start":{"line":55,"column":0},"end":{"line":55,"column":64}},"55":{"start":{"line":56,"column":0},"end":{"line":56,"column":1}}},"s":{"0":1,"1":1,"3":1,"4":1,"5":1,"6":1,"7":1,"8":1,"9":14,"10":14,"11":14,"13":1,"14":1,"15":8,"16":8,"18":1,"19":1,"20":6,"21":6,"23":1,"24":1,"25":19,"26":19,"27":19,"28":19,"30":19,"31":19,"32":19,"33":19,"35":19,"36":1,"37":1,"38":18,"39":19,"40":0,"41":0,"42":19,"44":1,"45":1,"46":11,"47":11,"48":11,"49":11,"50":11,"52":1,"53":1,"54":6,"55":6},"branchMap":{"0":{"type":"branch","line":9,"loc":{"start":{"line":9,"column":7},"end":{"line":12,"column":1}},"locations":[{"start":{"line":9,"column":7},"end":{"line":12,"column":1}}]},"1":{"type":"branch","line":10,"loc":{"start":{"line":10,"column":33},"end":{"line":10,"column":43}},"locations":[{"start":{"line":10,"column":33},"end":{"line":10,"column":43}}]},"2":{"type":"branch","line":15,"loc":{"start":{"line":15,"column":7},"end":{"line":17,"column":1}},"locations":[{"start":{"line":15,"column":7},"end":{"line":17,"column":1}}]},"3":{"type":"branch","line":20,"loc":{"start":{"line":20,"column":7},"end":{"line":22,"column":1}},"locations":[{"start":{"line":20,"column":7},"end":{"line":22,"column":1}}]},"4":{"type":"branch","line":21,"loc":{"start":{"line":21,"column":62},"end":{"line":21,"column":87}},"locations":[{"start":{"line":21,"column":62},"end":{"line":21,"column":87}}]},"5":{"type":"branch","line":25,"loc":{"start":{"line":25,"column":7},"end":{"line":43,"column":1}},"locations":[{"start":{"line":25,"column":7},"end":{"line":43,"column":1}}]},"6":{"type":"branch","line":33,"loc":{"start":{"line":33,"column":25},"end":{"line":33,"column":42}},"locations":[{"start":{"line":33,"column":25},"end":{"line":33,"column":42}}]},"7":{"type":"branch","line":33,"loc":{"start":{"line":33,"column":43},"end":{"line":33,"column":47}},"locations":[{"start":{"line":33,"column":43},"end":{"line":33,"column":47}}]},"8":{"type":"branch","line":36,"loc":{"start":{"line":36,"column":38},"end":{"line":38,"column":5}},"locations":[{"start":{"line":36,"column":38},"end":{"line":38,"column":5}}]},"9":{"type":"branch","line":38,"loc":{"start":{"line":38,"column":4},"end":{"line":40,"column":4}},"locations":[{"start":{"line":38,"column":4},"end":{"line":40,"column":4}}]},"10":{"type":"branch","line":40,"loc":{"start":{"line":40,"column":4},"end":{"line":42,"column":3}},"locations":[{"start":{"line":40,"column":4},"end":{"line":42,"column":3}}]},"11":{"type":"branch","line":34,"loc":{"start":{"line":34,"column":35},"end":{"line":34,"column":62}},"locations":[{"start":{"line":34,"column":35},"end":{"line":34,"column":62}}]},"12":{"type":"branch","line":46,"loc":{"start":{"line":46,"column":7},"end":{"line":51,"column":1}},"locations":[{"start":{"line":46,"column":7},"end":{"line":51,"column":1}}]},"13":{"type":"branch","line":49,"loc":{"start":{"line":49,"column":39},"end":{"line":49,"column":44}},"locations":[{"start":{"line":49,"column":39},"end":{"line":49,"column":44}}]},"14":{"type":"branch","line":54,"loc":{"start":{"line":54,"column":7},"end":{"line":56,"column":1}},"locations":[{"start":{"line":54,"column":7},"end":{"line":56,"column":1}}]}},"b":{"0":[14],"1":[0],"2":[8],"3":[6],"4":[5],"5":[19],"6":[5],"7":[14],"8":[1],"9":[18],"10":[0],"11":[15],"12":[11],"13":[0],"14":[6]},"fnMap":{"0":{"name":"sanitizeText","decl":{"start":{"line":9,"column":7},"end":{"line":12,"column":1}},"loc":{"start":{"line":9,"column":7},"end":{"line":12,"column":1}},"line":9},"1":{"name":"isValidEmail","decl":{"start":{"line":15,"column":7},"end":{"line":17,"column":1}},"loc":{"start":{"line":15,"column":7},"end":{"line":17,"column":1}},"line":15},"2":{"name":"isValidPassword","decl":{"start":{"line":20,"column":7},"end":{"line":22,"column":1}},"loc":{"start":{"line":20,"column":7},"end":{"line":22,"column":1}},"line":20},"3":{"name":"checkAuthRateLimit","decl":{"start":{"line":25,"column":7},"end":{"line":43,"column":1}},"loc":{"start":{"line":25,"column":7},"end":{"line":43,"column":1}},"line":25},"4":{"name":"recordAuthAttempt","decl":{"start":{"line":46,"column":7},"end":{"line":51,"column":1}},"loc":{"start":{"line":46,"column":7},"end":{"line":51,"column":1}},"line":46},"5":{"name":"clearAuthAttempts","decl":{"start":{"line":54,"column":7},"end":{"line":56,"column":1}},"loc":{"start":{"line":54,"column":7},"end":{"line":56,"column":1}},"line":54}},"f":{"0":14,"1":8,"2":6,"3":19,"4":11,"5":6}}
}
